Using pre-set license
Built from '2021.3/staging' branch; Version is '2021.3.7f1 (24e8595d6d43) revision 2418777'; Using compiler version '192829333'; Build Type 'Release'
OS: 'Windows 10  (10.0.19043) 64bit Professional' Language: 'ja' Physical Memory: 16318 MB
BatchMode: 1, IsHumanControllingUs: 0, StartBugReporterOnCrash: 0, Is64bit: 1, IsPro: 1

COMMAND LINE ARGUMENTS:
F:\Unity\Hub\Editor\2021.3.7f1\Editor\Unity.exe
-adb2
-batchMode
-noUpm
-name
AssetImportWorker0
-projectPath
F:/Unity/Hub/Editor/ONShooter
-logFile
Logs/AssetImportWorker0.log
-srvPort
62565
Successfully changed project path to: F:/Unity/Hub/Editor/ONShooter
F:/Unity/Hub/Editor/ONShooter
[UnityMemory] Configuration Parameters - Can be set up in boot.config
    "memorysetup-bucket-allocator-granularity=16"
    "memorysetup-bucket-allocator-bucket-count=8"
    "memorysetup-bucket-allocator-block-size=33554432"
    "memorysetup-bucket-allocator-block-count=8"
    "memorysetup-main-allocator-block-size=16777216"
    "memorysetup-thread-allocator-block-size=16777216"
    "memorysetup-gfx-main-allocator-block-size=16777216"
    "memorysetup-gfx-thread-allocator-block-size=16777216"
    "memorysetup-cache-allocator-block-size=4194304"
    "memorysetup-typetree-allocator-block-size=2097152"
    "memorysetup-profiler-bucket-allocator-granularity=16"
    "memorysetup-profiler-bucket-allocator-bucket-count=8"
    "memorysetup-profiler-bucket-allocator-block-size=33554432"
    "memorysetup-profiler-bucket-allocator-block-count=8"
    "memorysetup-profiler-allocator-block-size=16777216"
    "memorysetup-profiler-editor-allocator-block-size=1048576"
    "memorysetup-temp-allocator-size-main=16777216"
    "memorysetup-job-temp-allocator-block-size=2097152"
    "memorysetup-job-temp-allocator-block-size-background=1048576"
    "memorysetup-job-temp-allocator-reduction-small-platforms=262144"
    "memorysetup-temp-allocator-size-background-worker=32768"
    "memorysetup-temp-allocator-size-job-worker=262144"
    "memorysetup-temp-allocator-size-preload-manager=33554432"
    "memorysetup-temp-allocator-size-nav-mesh-worker=65536"
    "memorysetup-temp-allocator-size-audio-worker=65536"
    "memorysetup-temp-allocator-size-cloud-worker=32768"
    "memorysetup-temp-allocator-size-gi-baking-worker=262144"
    "memorysetup-temp-allocator-size-gfx=262144"
Refreshing native plugins compatible for Editor in 78.46 ms, found 3 plugins.
Preloading 0 native plugins for Editor in 0.00 ms.
Initialize engine version: 2021.3.7f1 (24e8595d6d43)
[Subsystems] Discovering subsystems at path F:/Unity/Hub/Editor/2021.3.7f1/Editor/Data/Resources/UnitySubsystems
[Subsystems] Discovering subsystems at path F:/Unity/Hub/Editor/ONShooter/Assets
GfxDevice: creating device client; threaded=0; jobified=0
Direct3D:
    Version:  Direct3D 11.0 [level 11.1]
    Renderer: NVIDIA GeForce GTX 1050 Ti (ID=0x1c82)
    Vendor:   NVIDIA
    VRAM:     4018 MB
    Driver:   30.0.15.1295
Initialize mono
Mono path[0] = 'F:/Unity/Hub/Editor/2021.3.7f1/Editor/Data/Managed'
Mono path[1] = 'F:/Unity/Hub/Editor/2021.3.7f1/Editor/Data/MonoBleedingEdge/lib/mono/unityjit-win32'
Mono config path = 'F:/Unity/Hub/Editor/2021.3.7f1/Editor/Data/MonoBleedingEdge/etc'
Using monoOptions --debugger-agent=transport=dt_socket,embedding=1,server=y,suspend=n,address=127.0.0.1:56448
Begin MonoManager ReloadAssembly
Registering precompiled unity dll's ...
Register platform support module: F:/Unity/Hub/Editor/2021.3.7f1/Editor/Data/PlaybackEngines/WebGLSupport/UnityEditor.WebGL.Extensions.dll
Register platform support module: F:/Unity/Hub/Editor/2021.3.7f1/Editor/Data/PlaybackEngines/WindowsStandaloneSupport/UnityEditor.WindowsStandalone.Extensions.dll
Registered in 0.003968 seconds.
Native extension for WindowsStandalone target not found
Native extension for WebGL target not found
Refreshing native plugins compatible for Editor in 73.87 ms, found 3 plugins.
Preloading 0 native plugins for Editor in 0.00 ms.
Mono: successfully reloaded assembly
- Completed reload, in  0.531 seconds
Domain Reload Profiling:
	ReloadAssembly (532ms)
		BeginReloadAssembly (58ms)
			ExecutionOrderSort (0ms)
			DisableScriptedObjects (0ms)
			BackupInstance (0ms)
			ReleaseScriptingObjects (0ms)
			CreateAndSetChildDomain (1ms)
		EndReloadAssembly (385ms)
			LoadAssemblies (57ms)
			RebuildTransferFunctionScriptingTraits (0ms)
			SetupTypeCache (91ms)
			ReleaseScriptCaches (0ms)
			RebuildScriptCaches (25ms)
			SetupLoadedEditorAssemblies (228ms)
				LogAssemblyErrors (0ms)
				InitializePlatformSupportModulesInManaged (6ms)
				SetLoadedEditorAssemblies (0ms)
				RefreshPlugins (74ms)
				BeforeProcessingInitializeOnLoad (1ms)
				ProcessInitializeOnLoadAttributes (105ms)
				ProcessInitializeOnLoadMethodAttributes (41ms)
				AfterProcessingInitializeOnLoad (0ms)
				EditorAssembliesLoaded (0ms)
			ExecutionOrderSort2 (0ms)
			AwakeInstancesAfterBackupRestoration (0ms)
Platform modules already initialized, skipping
Registering precompiled user dll's ...
Registered in 0.004775 seconds.
Begin MonoManager ReloadAssembly
Symbol file LoadedFromMemory doesn't match image F:\Unity\Hub\Editor\ONShooter\Library\PackageCache\com.unity.visualscripting@1.7.8\Editor\VisualScripting.Core\Dependencies\YamlDotNet\Unity.VisualScripting.YamlDotNet.dll
Symbol file LoadedFromMemory doesn't match image F:\Unity\Hub\Editor\ONShooter\Library\PackageCache\com.unity.visualscripting@1.7.8\Editor\VisualScripting.Core\Dependencies\DotNetZip\Unity.VisualScripting.IonicZip.dll
Native extension for WindowsStandalone target not found
Native extension for WebGL target not found
Refreshing native plugins compatible for Editor in 0.49 ms, found 3 plugins.
Preloading 0 native plugins for Editor in 0.00 ms.
Mono: successfully reloaded assembly
- Completed reload, in  0.868 seconds
Domain Reload Profiling:
	ReloadAssembly (868ms)
		BeginReloadAssembly (92ms)
			ExecutionOrderSort (0ms)
			DisableScriptedObjects (5ms)
			BackupInstance (0ms)
			ReleaseScriptingObjects (0ms)
			CreateAndSetChildDomain (16ms)
		EndReloadAssembly (678ms)
			LoadAssemblies (69ms)
			RebuildTransferFunctionScriptingTraits (0ms)
			SetupTypeCache (221ms)
			ReleaseScriptCaches (1ms)
			RebuildScriptCaches (47ms)
			SetupLoadedEditorAssemblies (309ms)
				LogAssemblyErrors (0ms)
				InitializePlatformSupportModulesInManaged (6ms)
				SetLoadedEditorAssemblies (0ms)
				RefreshPlugins (1ms)
				BeforeProcessingInitializeOnLoad (78ms)
				ProcessInitializeOnLoadAttributes (196ms)
				ProcessInitializeOnLoadMethodAttributes (24ms)
				AfterProcessingInitializeOnLoad (4ms)
				EditorAssembliesLoaded (0ms)
			ExecutionOrderSort2 (0ms)
			AwakeInstancesAfterBackupRestoration (5ms)
Platform modules already initialized, skipping
========================================================================
Worker process is ready to serve import requests
Launched and connected shader compiler UnityShaderCompiler.exe after 0.16 seconds
Refreshing native plugins compatible for Editor in 0.50 ms, found 3 plugins.
Preloading 0 native plugins for Editor in 0.00 ms.
Unloading 3430 Unused Serialized files (Serialized files now loaded: 0)
Unloading 27 unused Assets / (111.4 KB). Loaded Objects now: 3898.
Memory consumption went from 129.7 MB to 129.6 MB.
Total: 2.768700 ms (FindLiveObjects: 0.280600 ms CreateObjectMapping: 0.225400 ms MarkObjects: 2.165600 ms  DeleteObjects: 0.096400 ms)

AssetImportParameters requested are different than current active one (requested -> active):
  custom:video-decoder-ogg-theora: a1e56fd34408186e4bbccfd4996cb3dc -> 
  custom:container-muxer-webm: aa71ff27fc2769a1b78a27578f13a17b -> 
  custom:container-demuxer-webm: 4f35f7cbe854078d1ac9338744f61a02 -> 
  custom:video-encoder-webm-vp8: eb34c28f22e8b96e1ab97ce403110664 -> 
  custom:audio-encoder-webm-vorbis: bf7c407c2cedff20999df2af8eb42d56 -> 
  custom:framework-win-MediaFoundation: 216162199b28c13a410421893ffa2e32 -> 
  custom:container-demuxer-ogg: 62fdf1f143b41e24485cea50d1cbac27 -> 
  custom:video-decoder-webm-vp8: 9c59270c3fd7afecdb556c50c9e8de78 -> 
  custom:audio-decoder-ogg-vorbis: bf7c407c2cedff20999df2af8eb42d56 -> 
========================================================================
Received Prepare
Registering precompiled user dll's ...
Registered in 0.005943 seconds.
Begin MonoManager ReloadAssembly
Symbol file LoadedFromMemory doesn't match image F:\Unity\Hub\Editor\ONShooter\Library\PackageCache\com.unity.visualscripting@1.7.8\Editor\VisualScripting.Core\Dependencies\YamlDotNet\Unity.VisualScripting.YamlDotNet.dll
Symbol file LoadedFromMemory doesn't match image F:\Unity\Hub\Editor\ONShooter\Library\PackageCache\com.unity.visualscripting@1.7.8\Editor\VisualScripting.Core\Dependencies\DotNetZip\Unity.VisualScripting.IonicZip.dll
Native extension for WindowsStandalone target not found
Native extension for WebGL target not found
Refreshing native plugins compatible for Editor in 0.51 ms, found 3 plugins.
Preloading 0 native plugins for Editor in 0.00 ms.
Mono: successfully reloaded assembly
- Completed reload, in  0.824 seconds
Domain Reload Profiling:
	ReloadAssembly (825ms)
		BeginReloadAssembly (111ms)
			ExecutionOrderSort (0ms)
			DisableScriptedObjects (5ms)
			BackupInstance (0ms)
			ReleaseScriptingObjects (0ms)
			CreateAndSetChildDomain (29ms)
		EndReloadAssembly (635ms)
			LoadAssemblies (65ms)
			RebuildTransferFunctionScriptingTraits (0ms)
			SetupTypeCache (221ms)
			ReleaseScriptCaches (1ms)
			RebuildScriptCaches (38ms)
			SetupLoadedEditorAssemblies (269ms)
				LogAssemblyErrors (0ms)
				InitializePlatformSupportModulesInManaged (11ms)
				SetLoadedEditorAssemblies (0ms)
				RefreshPlugins (1ms)
				BeforeProcessingInitializeOnLoad (56ms)
				ProcessInitializeOnLoadAttributes (174ms)
				ProcessInitializeOnLoadMethodAttributes (23ms)
				AfterProcessingInitializeOnLoad (5ms)
				EditorAssembliesLoaded (0ms)
			ExecutionOrderSort2 (0ms)
			AwakeInstancesAfterBackupRestoration (5ms)
Platform modules already initialized, skipping
Refreshing native plugins compatible for Editor in 1.77 ms, found 3 plugins.
Preloading 0 native plugins for Editor in 0.00 ms.
Unloading 3412 Unused Serialized files (Serialized files now loaded: 0)
Unloading 20 unused Assets / (78.9 KB). Loaded Objects now: 3901.
Memory consumption went from 128.4 MB to 128.4 MB.
Total: 2.815300 ms (FindLiveObjects: 0.247600 ms CreateObjectMapping: 0.140500 ms MarkObjects: 2.333000 ms  DeleteObjects: 0.093300 ms)

AssetImportParameters requested are different than current active one (requested -> active):
  custom:video-decoder-ogg-theora: a1e56fd34408186e4bbccfd4996cb3dc -> 
  custom:container-muxer-webm: aa71ff27fc2769a1b78a27578f13a17b -> 
  custom:container-demuxer-webm: 4f35f7cbe854078d1ac9338744f61a02 -> 
  custom:video-encoder-webm-vp8: eb34c28f22e8b96e1ab97ce403110664 -> 
  custom:audio-encoder-webm-vorbis: bf7c407c2cedff20999df2af8eb42d56 -> 
  custom:framework-win-MediaFoundation: 216162199b28c13a410421893ffa2e32 -> 
  custom:container-demuxer-ogg: 62fdf1f143b41e24485cea50d1cbac27 -> 
  custom:video-decoder-webm-vp8: 9c59270c3fd7afecdb556c50c9e8de78 -> 
  custom:audio-decoder-ogg-vorbis: bf7c407c2cedff20999df2af8eb42d56 -> 
========================================================================
Received Prepare
Registering precompiled user dll's ...
Registered in 0.005688 seconds.
Begin MonoManager ReloadAssembly
Symbol file LoadedFromMemory doesn't match image F:\Unity\Hub\Editor\ONShooter\Library\PackageCache\com.unity.visualscripting@1.7.8\Editor\VisualScripting.Core\Dependencies\YamlDotNet\Unity.VisualScripting.YamlDotNet.dll
Symbol file LoadedFromMemory doesn't match image F:\Unity\Hub\Editor\ONShooter\Library\PackageCache\com.unity.visualscripting@1.7.8\Editor\VisualScripting.Core\Dependencies\DotNetZip\Unity.VisualScripting.IonicZip.dll
Native extension for WindowsStandalone target not found
Native extension for WebGL target not found
Refreshing native plugins compatible for Editor in 0.79 ms, found 3 plugins.
Preloading 0 native plugins for Editor in 0.00 ms.
Mono: successfully reloaded assembly
- Completed reload, in  0.919 seconds
Domain Reload Profiling:
	ReloadAssembly (920ms)
		BeginReloadAssembly (112ms)
			ExecutionOrderSort (0ms)
			DisableScriptedObjects (5ms)
			BackupInstance (0ms)
			ReleaseScriptingObjects (0ms)
			CreateAndSetChildDomain (31ms)
		EndReloadAssembly (726ms)
			LoadAssemblies (74ms)
			RebuildTransferFunctionScriptingTraits (0ms)
			SetupTypeCache (249ms)
			ReleaseScriptCaches (1ms)
			RebuildScriptCaches (38ms)
			SetupLoadedEditorAssemblies (315ms)
				LogAssemblyErrors (0ms)
				InitializePlatformSupportModulesInManaged (19ms)
				SetLoadedEditorAssemblies (1ms)
				RefreshPlugins (1ms)
				BeforeProcessingInitializeOnLoad (66ms)
				ProcessInitializeOnLoadAttributes (193ms)
				ProcessInitializeOnLoadMethodAttributes (30ms)
				AfterProcessingInitializeOnLoad (6ms)
				EditorAssembliesLoaded (0ms)
			ExecutionOrderSort2 (0ms)
			AwakeInstancesAfterBackupRestoration (6ms)
Platform modules already initialized, skipping
Refreshing native plugins compatible for Editor in 1.75 ms, found 3 plugins.
Preloading 0 native plugins for Editor in 0.00 ms.
Unloading 3412 Unused Serialized files (Serialized files now loaded: 0)
Unloading 20 unused Assets / (79.1 KB). Loaded Objects now: 3904.
Memory consumption went from 128.4 MB to 128.4 MB.
Total: 2.974700 ms (FindLiveObjects: 0.247800 ms CreateObjectMapping: 0.182600 ms MarkObjects: 2.455800 ms  DeleteObjects: 0.087600 ms)

AssetImportParameters requested are different than current active one (requested -> active):
  custom:video-decoder-ogg-theora: a1e56fd34408186e4bbccfd4996cb3dc -> 
  custom:container-muxer-webm: aa71ff27fc2769a1b78a27578f13a17b -> 
  custom:container-demuxer-webm: 4f35f7cbe854078d1ac9338744f61a02 -> 
  custom:video-encoder-webm-vp8: eb34c28f22e8b96e1ab97ce403110664 -> 
  custom:audio-encoder-webm-vorbis: bf7c407c2cedff20999df2af8eb42d56 -> 
  custom:framework-win-MediaFoundation: 216162199b28c13a410421893ffa2e32 -> 
  custom:container-demuxer-ogg: 62fdf1f143b41e24485cea50d1cbac27 -> 
  custom:video-decoder-webm-vp8: 9c59270c3fd7afecdb556c50c9e8de78 -> 
  custom:audio-decoder-ogg-vorbis: bf7c407c2cedff20999df2af8eb42d56 -> 
========================================================================
Received Prepare
Registering precompiled user dll's ...
Registered in 0.005653 seconds.
Begin MonoManager ReloadAssembly
Symbol file LoadedFromMemory doesn't match image F:\Unity\Hub\Editor\ONShooter\Library\PackageCache\com.unity.visualscripting@1.7.8\Editor\VisualScripting.Core\Dependencies\YamlDotNet\Unity.VisualScripting.YamlDotNet.dll
Symbol file LoadedFromMemory doesn't match image F:\Unity\Hub\Editor\ONShooter\Library\PackageCache\com.unity.visualscripting@1.7.8\Editor\VisualScripting.Core\Dependencies\DotNetZip\Unity.VisualScripting.IonicZip.dll
Native extension for WindowsStandalone target not found
Native extension for WebGL target not found
Refreshing native plugins compatible for Editor in 0.48 ms, found 3 plugins.
Preloading 0 native plugins for Editor in 0.00 ms.
Mono: successfully reloaded assembly
- Completed reload, in  0.809 seconds
Domain Reload Profiling:
	ReloadAssembly (810ms)
		BeginReloadAssembly (112ms)
			ExecutionOrderSort (0ms)
			DisableScriptedObjects (5ms)
			BackupInstance (0ms)
			ReleaseScriptingObjects (0ms)
			CreateAndSetChildDomain (30ms)
		EndReloadAssembly (616ms)
			LoadAssemblies (70ms)
			RebuildTransferFunctionScriptingTraits (0ms)
			SetupTypeCache (215ms)
			ReleaseScriptCaches (1ms)
			RebuildScriptCaches (33ms)
			SetupLoadedEditorAssemblies (264ms)
				LogAssemblyErrors (0ms)
				InitializePlatformSupportModulesInManaged (11ms)
				SetLoadedEditorAssemblies (0ms)
				RefreshPlugins (1ms)
				BeforeProcessingInitializeOnLoad (55ms)
				ProcessInitializeOnLoadAttributes (169ms)
				ProcessInitializeOnLoadMethodAttributes (23ms)
				AfterProcessingInitializeOnLoad (4ms)
				EditorAssembliesLoaded (0ms)
			ExecutionOrderSort2 (0ms)
			AwakeInstancesAfterBackupRestoration (5ms)
Platform modules already initialized, skipping
Refreshing native plugins compatible for Editor in 1.51 ms, found 3 plugins.
Preloading 0 native plugins for Editor in 0.00 ms.
Unloading 3412 Unused Serialized files (Serialized files now loaded: 0)
Unloading 20 unused Assets / (79.0 KB). Loaded Objects now: 3907.
Memory consumption went from 128.4 MB to 128.3 MB.
Total: 2.576100 ms (FindLiveObjects: 0.231300 ms CreateObjectMapping: 0.116100 ms MarkObjects: 2.157800 ms  DeleteObjects: 0.070200 ms)

AssetImportParameters requested are different than current active one (requested -> active):
  custom:video-decoder-ogg-theora: a1e56fd34408186e4bbccfd4996cb3dc -> 
  custom:container-muxer-webm: aa71ff27fc2769a1b78a27578f13a17b -> 
  custom:container-demuxer-webm: 4f35f7cbe854078d1ac9338744f61a02 -> 
  custom:video-encoder-webm-vp8: eb34c28f22e8b96e1ab97ce403110664 -> 
  custom:audio-encoder-webm-vorbis: bf7c407c2cedff20999df2af8eb42d56 -> 
  custom:framework-win-MediaFoundation: 216162199b28c13a410421893ffa2e32 -> 
  custom:container-demuxer-ogg: 62fdf1f143b41e24485cea50d1cbac27 -> 
  custom:video-decoder-webm-vp8: 9c59270c3fd7afecdb556c50c9e8de78 -> 
  custom:audio-decoder-ogg-vorbis: bf7c407c2cedff20999df2af8eb42d56 -> 
========================================================================
Received Prepare
Registering precompiled user dll's ...
Registered in 0.005784 seconds.
Begin MonoManager ReloadAssembly
Symbol file LoadedFromMemory doesn't match image F:\Unity\Hub\Editor\ONShooter\Library\PackageCache\com.unity.visualscripting@1.7.8\Editor\VisualScripting.Core\Dependencies\YamlDotNet\Unity.VisualScripting.YamlDotNet.dll
Symbol file LoadedFromMemory doesn't match image F:\Unity\Hub\Editor\ONShooter\Library\PackageCache\com.unity.visualscripting@1.7.8\Editor\VisualScripting.Core\Dependencies\DotNetZip\Unity.VisualScripting.IonicZip.dll
Native extension for WindowsStandalone target not found
Native extension for WebGL target not found
Refreshing native plugins compatible for Editor in 0.75 ms, found 3 plugins.
Preloading 0 native plugins for Editor in 0.00 ms.
Mono: successfully reloaded assembly
- Completed reload, in  0.903 seconds
Domain Reload Profiling:
	ReloadAssembly (904ms)
		BeginReloadAssembly (111ms)
			ExecutionOrderSort (0ms)
			DisableScriptedObjects (5ms)
			BackupInstance (0ms)
			ReleaseScriptingObjects (0ms)
			CreateAndSetChildDomain (30ms)
		EndReloadAssembly (710ms)
			LoadAssemblies (72ms)
			RebuildTransferFunctionScriptingTraits (0ms)
			SetupTypeCache (251ms)
			ReleaseScriptCaches (2ms)
			RebuildScriptCaches (40ms)
			SetupLoadedEditorAssemblies (303ms)
				LogAssemblyErrors (0ms)
				InitializePlatformSupportModulesInManaged (14ms)
				SetLoadedEditorAssemblies (1ms)
				RefreshPlugins (1ms)
				BeforeProcessingInitializeOnLoad (64ms)
				ProcessInitializeOnLoadAttributes (191ms)
				ProcessInitializeOnLoadMethodAttributes (26ms)
				AfterProcessingInitializeOnLoad (5ms)
				EditorAssembliesLoaded (0ms)
			ExecutionOrderSort2 (0ms)
			AwakeInstancesAfterBackupRestoration (6ms)
Platform modules already initialized, skipping
Refreshing native plugins compatible for Editor in 1.69 ms, found 3 plugins.
Preloading 0 native plugins for Editor in 0.00 ms.
Unloading 3412 Unused Serialized files (Serialized files now loaded: 0)
Unloading 20 unused Assets / (78.9 KB). Loaded Objects now: 3910.
Memory consumption went from 128.5 MB to 128.4 MB.
Total: 2.807900 ms (FindLiveObjects: 0.271600 ms CreateObjectMapping: 0.156100 ms MarkObjects: 2.293700 ms  DeleteObjects: 0.085500 ms)

AssetImportParameters requested are different than current active one (requested -> active):
  custom:video-decoder-ogg-theora: a1e56fd34408186e4bbccfd4996cb3dc -> 
  custom:container-muxer-webm: aa71ff27fc2769a1b78a27578f13a17b -> 
  custom:container-demuxer-webm: 4f35f7cbe854078d1ac9338744f61a02 -> 
  custom:video-encoder-webm-vp8: eb34c28f22e8b96e1ab97ce403110664 -> 
  custom:audio-encoder-webm-vorbis: bf7c407c2cedff20999df2af8eb42d56 -> 
  custom:framework-win-MediaFoundation: 216162199b28c13a410421893ffa2e32 -> 
  custom:container-demuxer-ogg: 62fdf1f143b41e24485cea50d1cbac27 -> 
  custom:video-decoder-webm-vp8: 9c59270c3fd7afecdb556c50c9e8de78 -> 
  custom:audio-decoder-ogg-vorbis: bf7c407c2cedff20999df2af8eb42d56 -> 
========================================================================
Received Prepare
Registering precompiled user dll's ...
Registered in 0.004667 seconds.
Begin MonoManager ReloadAssembly
Symbol file LoadedFromMemory doesn't match image F:\Unity\Hub\Editor\ONShooter\Library\PackageCache\com.unity.visualscripting@1.7.8\Editor\VisualScripting.Core\Dependencies\YamlDotNet\Unity.VisualScripting.YamlDotNet.dll
Symbol file LoadedFromMemory doesn't match image F:\Unity\Hub\Editor\ONShooter\Library\PackageCache\com.unity.visualscripting@1.7.8\Editor\VisualScripting.Core\Dependencies\DotNetZip\Unity.VisualScripting.IonicZip.dll
Native extension for WindowsStandalone target not found
Native extension for WebGL target not found
Refreshing native plugins compatible for Editor in 0.51 ms, found 3 plugins.
Preloading 0 native plugins for Editor in 0.00 ms.
Mono: successfully reloaded assembly
- Completed reload, in  0.815 seconds
Domain Reload Profiling:
	ReloadAssembly (815ms)
		BeginReloadAssembly (115ms)
			ExecutionOrderSort (0ms)
			DisableScriptedObjects (5ms)
			BackupInstance (0ms)
			ReleaseScriptingObjects (0ms)
			CreateAndSetChildDomain (30ms)
		EndReloadAssembly (618ms)
			LoadAssemblies (72ms)
			RebuildTransferFunctionScriptingTraits (0ms)
			SetupTypeCache (220ms)
			ReleaseScriptCaches (1ms)
			RebuildScriptCaches (33ms)
			SetupLoadedEditorAssemblies (263ms)
				LogAssemblyErrors (0ms)
				InitializePlatformSupportModulesInManaged (11ms)
				SetLoadedEditorAssemblies (0ms)
				RefreshPlugins (1ms)
				BeforeProcessingInitializeOnLoad (56ms)
				ProcessInitializeOnLoadAttributes (167ms)
				ProcessInitializeOnLoadMethodAttributes (23ms)
				AfterProcessingInitializeOnLoad (5ms)
				EditorAssembliesLoaded (0ms)
			ExecutionOrderSort2 (0ms)
			AwakeInstancesAfterBackupRestoration (5ms)
Platform modules already initialized, skipping
Refreshing native plugins compatible for Editor in 1.47 ms, found 3 plugins.
Preloading 0 native plugins for Editor in 0.00 ms.
Unloading 3412 Unused Serialized files (Serialized files now loaded: 0)
Unloading 20 unused Assets / (79.0 KB). Loaded Objects now: 3913.
Memory consumption went from 128.5 MB to 128.4 MB.
Total: 2.909700 ms (FindLiveObjects: 0.285100 ms CreateObjectMapping: 0.150600 ms MarkObjects: 2.390500 ms  DeleteObjects: 0.082800 ms)

AssetImportParameters requested are different than current active one (requested -> active):
  custom:video-decoder-ogg-theora: a1e56fd34408186e4bbccfd4996cb3dc -> 
  custom:container-muxer-webm: aa71ff27fc2769a1b78a27578f13a17b -> 
  custom:container-demuxer-webm: 4f35f7cbe854078d1ac9338744f61a02 -> 
  custom:video-encoder-webm-vp8: eb34c28f22e8b96e1ab97ce403110664 -> 
  custom:audio-encoder-webm-vorbis: bf7c407c2cedff20999df2af8eb42d56 -> 
  custom:framework-win-MediaFoundation: 216162199b28c13a410421893ffa2e32 -> 
  custom:container-demuxer-ogg: 62fdf1f143b41e24485cea50d1cbac27 -> 
  custom:video-decoder-webm-vp8: 9c59270c3fd7afecdb556c50c9e8de78 -> 
  custom:audio-decoder-ogg-vorbis: bf7c407c2cedff20999df2af8eb42d56 -> 
========================================================================
Received Prepare
Registering precompiled user dll's ...
Registered in 0.005487 seconds.
Begin MonoManager ReloadAssembly
Symbol file LoadedFromMemory doesn't match image F:\Unity\Hub\Editor\ONShooter\Library\PackageCache\com.unity.visualscripting@1.7.8\Editor\VisualScripting.Core\Dependencies\YamlDotNet\Unity.VisualScripting.YamlDotNet.dll
Symbol file LoadedFromMemory doesn't match image F:\Unity\Hub\Editor\ONShooter\Library\PackageCache\com.unity.visualscripting@1.7.8\Editor\VisualScripting.Core\Dependencies\DotNetZip\Unity.VisualScripting.IonicZip.dll
Native extension for WindowsStandalone target not found
Native extension for WebGL target not found
Refreshing native plugins compatible for Editor in 0.58 ms, found 3 plugins.
Preloading 0 native plugins for Editor in 0.00 ms.
Mono: successfully reloaded assembly
- Completed reload, in  0.892 seconds
Domain Reload Profiling:
	ReloadAssembly (892ms)
		BeginReloadAssembly (109ms)
			ExecutionOrderSort (0ms)
			DisableScriptedObjects (5ms)
			BackupInstance (0ms)
			ReleaseScriptingObjects (0ms)
			CreateAndSetChildDomain (30ms)
		EndReloadAssembly (700ms)
			LoadAssemblies (70ms)
			RebuildTransferFunctionScriptingTraits (0ms)
			SetupTypeCache (239ms)
			ReleaseScriptCaches (1ms)
			RebuildScriptCaches (41ms)
			SetupLoadedEditorAssemblies (301ms)
				LogAssemblyErrors (0ms)
				InitializePlatformSupportModulesInManaged (13ms)
				SetLoadedEditorAssemblies (0ms)
				RefreshPlugins (1ms)
				BeforeProcessingInitializeOnLoad (63ms)
				ProcessInitializeOnLoadAttributes (192ms)
				ProcessInitializeOnLoadMethodAttributes (27ms)
				AfterProcessingInitializeOnLoad (5ms)
				EditorAssembliesLoaded (0ms)
			ExecutionOrderSort2 (0ms)
			AwakeInstancesAfterBackupRestoration (5ms)
Platform modules already initialized, skipping
Refreshing native plugins compatible for Editor in 1.89 ms, found 3 plugins.
Preloading 0 native plugins for Editor in 0.00 ms.
Unloading 3412 Unused Serialized files (Serialized files now loaded: 0)
Unloading 20 unused Assets / (79.1 KB). Loaded Objects now: 3916.
Memory consumption went from 128.5 MB to 128.4 MB.
Total: 2.787900 ms (FindLiveObjects: 0.335400 ms CreateObjectMapping: 0.201800 ms MarkObjects: 2.156800 ms  DeleteObjects: 0.093200 ms)

AssetImportParameters requested are different than current active one (requested -> active):
  custom:video-decoder-ogg-theora: a1e56fd34408186e4bbccfd4996cb3dc -> 
  custom:container-muxer-webm: aa71ff27fc2769a1b78a27578f13a17b -> 
  custom:container-demuxer-webm: 4f35f7cbe854078d1ac9338744f61a02 -> 
  custom:video-encoder-webm-vp8: eb34c28f22e8b96e1ab97ce403110664 -> 
  custom:audio-encoder-webm-vorbis: bf7c407c2cedff20999df2af8eb42d56 -> 
  custom:framework-win-MediaFoundation: 216162199b28c13a410421893ffa2e32 -> 
  custom:container-demuxer-ogg: 62fdf1f143b41e24485cea50d1cbac27 -> 
  custom:video-decoder-webm-vp8: 9c59270c3fd7afecdb556c50c9e8de78 -> 
  custom:audio-decoder-ogg-vorbis: bf7c407c2cedff20999df2af8eb42d56 -> 
========================================================================
Received Import Request.
  Time since last request: 145613.681669 seconds.
  path: Assets/Resources/Girl Meets Love.json
  artifactKey: Guid(e4898e3584698ba41a976214ae8b8c4e) Importer(815301076,1909f56bfc062723c751e8b465ee728b)
Start importing Assets/Resources/Girl Meets Love.json using Guid(e4898e3584698ba41a976214ae8b8c4e) Importer(815301076,1909f56bfc062723c751e8b465ee728b)  -> (artifact id: 'acd41d578cd88d66a3be0a1b5c33e4ce') in 0.051220 seconds 
========================================================================
Received Import Request.
  Time since last request: 363.023378 seconds.
  path: Assets/Resources/Girl Meets Love.json
  artifactKey: Guid(e4898e3584698ba41a976214ae8b8c4e) Importer(815301076,1909f56bfc062723c751e8b465ee728b)
Start importing Assets/Resources/Girl Meets Love.json using Guid(e4898e3584698ba41a976214ae8b8c4e) Importer(815301076,1909f56bfc062723c751e8b465ee728b)  -> (artifact id: '5a7baf02f78e3d5edb10c28d272620f5') in 0.013741 seconds 
========================================================================
Received Import Request.
  Time since last request: 3.087931 seconds.
  path: Assets/Prefab/NoteBlue.prefab
  artifactKey: Guid(690a895c562e8654389c8d6f0fa0de93) Importer(815301076,1909f56bfc062723c751e8b465ee728b)
Start importing Assets/Prefab/NoteBlue.prefab using Guid(690a895c562e8654389c8d6f0fa0de93) Importer(815301076,1909f56bfc062723c751e8b465ee728b)  -> (artifact id: 'eb8b5fe08e6ee15962a8b254ca369034') in 0.130990 seconds 
========================================================================
Received Import Request.
  Time since last request: 0.000022 seconds.
  path: Assets/Prefab/Notes.prefab
  artifactKey: Guid(6d5a7befba2cd8b46929a88222ccfa36) Importer(815301076,1909f56bfc062723c751e8b465ee728b)
Start importing Assets/Prefab/Notes.prefab using Guid(6d5a7befba2cd8b46929a88222ccfa36) Importer(815301076,1909f56bfc062723c751e8b465ee728b)  -> (artifact id: 'e70683db6bb6f39d26364626c8b0f002') in 0.038404 seconds 
========================================================================
Received Import Request.
  Time since last request: 16.811975 seconds.
  path: Assets/Scripts/LongNoteGenerator.cs
  artifactKey: Guid(49e0728caa7edc1409ef5b67e10d07e5) Importer(815301076,1909f56bfc062723c751e8b465ee728b)
Start importing Assets/Scripts/LongNoteGenerator.cs using Guid(49e0728caa7edc1409ef5b67e10d07e5) Importer(815301076,1909f56bfc062723c751e8b465ee728b)  -> (artifact id: 'e8a6fa90553a98af47f6bbf95dc3b1a4') in 0.040574 seconds 
========================================================================
Received Prepare
Registering precompiled user dll's ...
Registered in 0.005920 seconds.
Begin MonoManager ReloadAssembly
Symbol file LoadedFromMemory doesn't match image F:\Unity\Hub\Editor\ONShooter\Library\PackageCache\com.unity.visualscripting@1.7.8\Editor\VisualScripting.Core\Dependencies\YamlDotNet\Unity.VisualScripting.YamlDotNet.dll
Symbol file LoadedFromMemory doesn't match image F:\Unity\Hub\Editor\ONShooter\Library\PackageCache\com.unity.visualscripting@1.7.8\Editor\VisualScripting.Core\Dependencies\DotNetZip\Unity.VisualScripting.IonicZip.dll
Native extension for WindowsStandalone target not found
Native extension for WebGL target not found
Refreshing native plugins compatible for Editor in 0.50 ms, found 3 plugins.
Preloading 0 native plugins for Editor in 0.00 ms.
Mono: successfully reloaded assembly
- Completed reload, in  0.830 seconds
Domain Reload Profiling:
	ReloadAssembly (831ms)
		BeginReloadAssembly (120ms)
			ExecutionOrderSort (0ms)
			DisableScriptedObjects (4ms)
			BackupInstance (0ms)
			ReleaseScriptingObjects (0ms)
			CreateAndSetChildDomain (34ms)
		EndReloadAssembly (627ms)
			LoadAssemblies (75ms)
			RebuildTransferFunctionScriptingTraits (0ms)
			SetupTypeCache (225ms)
			ReleaseScriptCaches (1ms)
			RebuildScriptCaches (34ms)
			SetupLoadedEditorAssemblies (261ms)
				LogAssemblyErrors (0ms)
				InitializePlatformSupportModulesInManaged (11ms)
				SetLoadedEditorAssemblies (0ms)
				RefreshPlugins (1ms)
				BeforeProcessingInitializeOnLoad (56ms)
				ProcessInitializeOnLoadAttributes (166ms)
				ProcessInitializeOnLoadMethodAttributes (23ms)
				AfterProcessingInitializeOnLoad (5ms)
				EditorAssembliesLoaded (0ms)
			ExecutionOrderSort2 (0ms)
			AwakeInstancesAfterBackupRestoration (5ms)
Platform modules already initialized, skipping
Refreshing native plugins compatible for Editor in 1.50 ms, found 3 plugins.
Preloading 0 native plugins for Editor in 0.00 ms.
Unloading 3413 Unused Serialized files (Serialized files now loaded: 0)
Unloading 20 unused Assets / (78.8 KB). Loaded Objects now: 3927.
Memory consumption went from 132.9 MB to 132.8 MB.
Total: 2.750500 ms (FindLiveObjects: 0.264400 ms CreateObjectMapping: 0.130000 ms MarkObjects: 2.273700 ms  DeleteObjects: 0.081700 ms)

AssetImportParameters requested are different than current active one (requested -> active):
  custom:video-decoder-ogg-theora: a1e56fd34408186e4bbccfd4996cb3dc -> 
  custom:container-muxer-webm: aa71ff27fc2769a1b78a27578f13a17b -> 
  custom:container-demuxer-webm: 4f35f7cbe854078d1ac9338744f61a02 -> 
  custom:video-encoder-webm-vp8: eb34c28f22e8b96e1ab97ce403110664 -> 
  custom:audio-encoder-webm-vorbis: bf7c407c2cedff20999df2af8eb42d56 -> 
  custom:framework-win-MediaFoundation: 216162199b28c13a410421893ffa2e32 -> 
  custom:container-demuxer-ogg: 62fdf1f143b41e24485cea50d1cbac27 -> 
  custom:video-decoder-webm-vp8: 9c59270c3fd7afecdb556c50c9e8de78 -> 
  custom:audio-decoder-ogg-vorbis: bf7c407c2cedff20999df2af8eb42d56 -> 
========================================================================
Received Prepare
Registering precompiled user dll's ...
Registered in 0.005420 seconds.
Begin MonoManager ReloadAssembly
Symbol file LoadedFromMemory doesn't match image F:\Unity\Hub\Editor\ONShooter\Library\PackageCache\com.unity.visualscripting@1.7.8\Editor\VisualScripting.Core\Dependencies\YamlDotNet\Unity.VisualScripting.YamlDotNet.dll
Symbol file LoadedFromMemory doesn't match image F:\Unity\Hub\Editor\ONShooter\Library\PackageCache\com.unity.visualscripting@1.7.8\Editor\VisualScripting.Core\Dependencies\DotNetZip\Unity.VisualScripting.IonicZip.dll
Native extension for WindowsStandalone target not found
Native extension for WebGL target not found
Refreshing native plugins compatible for Editor in 0.47 ms, found 3 plugins.
Preloading 0 native plugins for Editor in 0.00 ms.
Mono: successfully reloaded assembly
- Completed reload, in  0.804 seconds
Domain Reload Profiling:
	ReloadAssembly (805ms)
		BeginReloadAssembly (112ms)
			ExecutionOrderSort (0ms)
			DisableScriptedObjects (5ms)
			BackupInstance (0ms)
			ReleaseScriptingObjects (0ms)
			CreateAndSetChildDomain (30ms)
		EndReloadAssembly (609ms)
			LoadAssemblies (69ms)
			RebuildTransferFunctionScriptingTraits (0ms)
			SetupTypeCache (211ms)
			ReleaseScriptCaches (1ms)
			RebuildScriptCaches (36ms)
			SetupLoadedEditorAssemblies (263ms)
				LogAssemblyErrors (0ms)
				InitializePlatformSupportModulesInManaged (11ms)
				SetLoadedEditorAssemblies (0ms)
				RefreshPlugins (1ms)
				BeforeProcessingInitializeOnLoad (56ms)
				ProcessInitializeOnLoadAttributes (167ms)
				ProcessInitializeOnLoadMethodAttributes (24ms)
				AfterProcessingInitializeOnLoad (5ms)
				EditorAssembliesLoaded (0ms)
			ExecutionOrderSort2 (0ms)
			AwakeInstancesAfterBackupRestoration (5ms)
Platform modules already initialized, skipping
Refreshing native plugins compatible for Editor in 1.48 ms, found 3 plugins.
Preloading 0 native plugins for Editor in 0.00 ms.
Unloading 3413 Unused Serialized files (Serialized files now loaded: 0)
Unloading 20 unused Assets / (79.0 KB). Loaded Objects now: 3930.
Memory consumption went from 132.8 MB to 132.7 MB.
Total: 2.493000 ms (FindLiveObjects: 0.246900 ms CreateObjectMapping: 0.143200 ms MarkObjects: 2.016000 ms  DeleteObjects: 0.086400 ms)

AssetImportParameters requested are different than current active one (requested -> active):
  custom:video-decoder-ogg-theora: a1e56fd34408186e4bbccfd4996cb3dc -> 
  custom:container-muxer-webm: aa71ff27fc2769a1b78a27578f13a17b -> 
  custom:container-demuxer-webm: 4f35f7cbe854078d1ac9338744f61a02 -> 
  custom:video-encoder-webm-vp8: eb34c28f22e8b96e1ab97ce403110664 -> 
  custom:audio-encoder-webm-vorbis: bf7c407c2cedff20999df2af8eb42d56 -> 
  custom:framework-win-MediaFoundation: 216162199b28c13a410421893ffa2e32 -> 
  custom:container-demuxer-ogg: 62fdf1f143b41e24485cea50d1cbac27 -> 
  custom:video-decoder-webm-vp8: 9c59270c3fd7afecdb556c50c9e8de78 -> 
  custom:audio-decoder-ogg-vorbis: bf7c407c2cedff20999df2af8eb42d56 -> 
========================================================================
Received Import Request.
  Time since last request: 508.165046 seconds.
  path: Assets/Scripts/LongNoteGenerator.cs
  artifactKey: Guid(49e0728caa7edc1409ef5b67e10d07e5) Importer(815301076,1909f56bfc062723c751e8b465ee728b)
Start importing Assets/Scripts/LongNoteGenerator.cs using Guid(49e0728caa7edc1409ef5b67e10d07e5) Importer(815301076,1909f56bfc062723c751e8b465ee728b)  -> (artifact id: '5aaecc355308056c7379c5a560b84cf9') in 0.026887 seconds 
========================================================================
Received Prepare
Registering precompiled user dll's ...
Registered in 0.004855 seconds.
Begin MonoManager ReloadAssembly
Symbol file LoadedFromMemory doesn't match image F:\Unity\Hub\Editor\ONShooter\Library\PackageCache\com.unity.visualscripting@1.7.8\Editor\VisualScripting.Core\Dependencies\YamlDotNet\Unity.VisualScripting.YamlDotNet.dll
Symbol file LoadedFromMemory doesn't match image F:\Unity\Hub\Editor\ONShooter\Library\PackageCache\com.unity.visualscripting@1.7.8\Editor\VisualScripting.Core\Dependencies\DotNetZip\Unity.VisualScripting.IonicZip.dll
Native extension for WindowsStandalone target not found
Native extension for WebGL target not found
Refreshing native plugins compatible for Editor in 0.59 ms, found 3 plugins.
Preloading 0 native plugins for Editor in 0.00 ms.
Mono: successfully reloaded assembly
- Completed reload, in  0.817 seconds
Domain Reload Profiling:
	ReloadAssembly (817ms)
		BeginReloadAssembly (116ms)
			ExecutionOrderSort (0ms)
			DisableScriptedObjects (5ms)
			BackupInstance (0ms)
			ReleaseScriptingObjects (0ms)
			CreateAndSetChildDomain (31ms)
		EndReloadAssembly (619ms)
			LoadAssemblies (76ms)
			RebuildTransferFunctionScriptingTraits (0ms)
			SetupTypeCache (216ms)
			ReleaseScriptCaches (1ms)
			RebuildScriptCaches (33ms)
			SetupLoadedEditorAssemblies (264ms)
				LogAssemblyErrors (0ms)
				InitializePlatformSupportModulesInManaged (11ms)
				SetLoadedEditorAssemblies (0ms)
				RefreshPlugins (1ms)
				BeforeProcessingInitializeOnLoad (55ms)
				ProcessInitializeOnLoadAttributes (167ms)
				ProcessInitializeOnLoadMethodAttributes (24ms)
				AfterProcessingInitializeOnLoad (5ms)
				EditorAssembliesLoaded (0ms)
			ExecutionOrderSort2 (0ms)
			AwakeInstancesAfterBackupRestoration (5ms)
Platform modules already initialized, skipping
Refreshing native plugins compatible for Editor in 1.41 ms, found 3 plugins.
Preloading 0 native plugins for Editor in 0.00 ms.
Unloading 3412 Unused Serialized files (Serialized files now loaded: 0)
Unloading 21 unused Assets / (79.1 KB). Loaded Objects now: 3932.
Memory consumption went from 132.9 MB to 132.8 MB.
Total: 2.823700 ms (FindLiveObjects: 0.268700 ms CreateObjectMapping: 0.255100 ms MarkObjects: 2.190200 ms  DeleteObjects: 0.108900 ms)

AssetImportParameters requested are different than current active one (requested -> active):
  custom:video-decoder-ogg-theora: a1e56fd34408186e4bbccfd4996cb3dc -> 
  custom:container-muxer-webm: aa71ff27fc2769a1b78a27578f13a17b -> 
  custom:container-demuxer-webm: 4f35f7cbe854078d1ac9338744f61a02 -> 
  custom:video-encoder-webm-vp8: eb34c28f22e8b96e1ab97ce403110664 -> 
  custom:audio-encoder-webm-vorbis: bf7c407c2cedff20999df2af8eb42d56 -> 
  custom:framework-win-MediaFoundation: 216162199b28c13a410421893ffa2e32 -> 
  custom:container-demuxer-ogg: 62fdf1f143b41e24485cea50d1cbac27 -> 
  custom:video-decoder-webm-vp8: 9c59270c3fd7afecdb556c50c9e8de78 -> 
  custom:audio-decoder-ogg-vorbis: bf7c407c2cedff20999df2af8eb42d56 -> 
========================================================================
Received Import Request.
  Time since last request: 681.345112 seconds.
  path: Assets/Materials/Images/noteBlue.mat
  artifactKey: Guid(8f94ceed3a93cf4439cb0449e2232c11) Importer(815301076,1909f56bfc062723c751e8b465ee728b)
Start importing Assets/Materials/Images/noteBlue.mat using Guid(8f94ceed3a93cf4439cb0449e2232c11) Importer(815301076,1909f56bfc062723c751e8b465ee728b)  -> (artifact id: 'aaba16e8e8230868ecee00a8e7e824a6') in 0.115874 seconds 
========================================================================
Received Import Request.
  Time since last request: 0.000020 seconds.
  path: Assets/Materials/Images/noteRed.mat
  artifactKey: Guid(c155723cde5b929418078b79b5b44747) Importer(815301076,1909f56bfc062723c751e8b465ee728b)
Start importing Assets/Materials/Images/noteRed.mat using Guid(c155723cde5b929418078b79b5b44747) Importer(815301076,1909f56bfc062723c751e8b465ee728b)  -> (artifact id: 'b4be719b5119772979bb61dfcf9760f9') in 0.028417 seconds 
========================================================================
Received Import Request.
  Time since last request: 43.818560 seconds.
  path: Assets/Materials/Images/noteRed 1.png
  artifactKey: Guid(01f176a53471dd049874d5430d8c713a) Importer(815301076,1909f56bfc062723c751e8b465ee728b)
Start importing Assets/Materials/Images/noteRed 1.png using Guid(01f176a53471dd049874d5430d8c713a) Importer(815301076,1909f56bfc062723c751e8b465ee728b)  -> (artifact id: 'fad8a3861e27922862157a7b99b134ca') in 0.121298 seconds 
========================================================================
Received Import Request.
  Time since last request: 11.790772 seconds.
  path: Assets/Materials/Images/lnRed.png
  artifactKey: Guid(01f176a53471dd049874d5430d8c713a) Importer(815301076,1909f56bfc062723c751e8b465ee728b)
Start importing Assets/Materials/Images/lnRed.png using Guid(01f176a53471dd049874d5430d8c713a) Importer(815301076,1909f56bfc062723c751e8b465ee728b)  -> (artifact id: 'bc1c8c24ab870c513a2de32202c7652f') in 0.035266 seconds 
========================================================================
Received Import Request.
  Time since last request: 65.899866 seconds.
  path: Assets/Materials/Images/ln2Red.png
  artifactKey: Guid(dfe9f02d98e9cb7469110f42611eade7) Importer(815301076,1909f56bfc062723c751e8b465ee728b)
Start importing Assets/Materials/Images/ln2Red.png using Guid(dfe9f02d98e9cb7469110f42611eade7) Importer(815301076,1909f56bfc062723c751e8b465ee728b)  -> (artifact id: '5080dbe5ad453cc9eb35287401162195') in 0.037744 seconds 
========================================================================
Received Import Request.
  Time since last request: 11.898829 seconds.
  path: Assets/Materials/Images/ln2Red.png
  artifactKey: Guid(dfe9f02d98e9cb7469110f42611eade7) Importer(815301076,1909f56bfc062723c751e8b465ee728b)
Start importing Assets/Materials/Images/ln2Red.png using Guid(dfe9f02d98e9cb7469110f42611eade7) Importer(815301076,1909f56bfc062723c751e8b465ee728b)  -> (artifact id: '64149fde7711b544cc486568548e5fef') in 0.035131 seconds 
========================================================================
Received Import Request.
  Time since last request: 24.569320 seconds.
  path: Assets/Prefab/lnRed.prefab
  artifactKey: Guid(3670849df193b5b41966adca35c3f242) Importer(815301076,1909f56bfc062723c751e8b465ee728b)
Start importing Assets/Prefab/lnRed.prefab using Guid(3670849df193b5b41966adca35c3f242) Importer(815301076,1909f56bfc062723c751e8b465ee728b)  -> (artifact id: 'a2e6bf479e674b8242ca5d34a7c6ca18') in 0.073914 seconds 
========================================================================
Received Import Request.
  Time since last request: 11.110299 seconds.
  path: Assets/Prefab/lnBlue.prefab
  artifactKey: Guid(9874eea96694a874eb9827061dc7063d) Importer(815301076,1909f56bfc062723c751e8b465ee728b)
Start importing Assets/Prefab/lnBlue.prefab using Guid(9874eea96694a874eb9827061dc7063d) Importer(815301076,1909f56bfc062723c751e8b465ee728b)  -> (artifact id: 'c979f85ec6e8a137a9d29882fd5a8997') in 0.044071 seconds 
========================================================================
Received Import Request.
  Time since last request: 13.472860 seconds.
  path: Assets/Prefab/lnGreen.prefab
  artifactKey: Guid(d651291146566be4d8ab4940c648eb24) Importer(815301076,1909f56bfc062723c751e8b465ee728b)
Start importing Assets/Prefab/lnGreen.prefab using Guid(d651291146566be4d8ab4940c648eb24) Importer(815301076,1909f56bfc062723c751e8b465ee728b)  -> (artifact id: 'f2cd4ac983ff400afcdab54c7221df98') in 0.044297 seconds 
========================================================================
Received Import Request.
  Time since last request: 18.273766 seconds.
  path: Assets/Materials/Images/New Physics Material 2D.physicsMaterial2D
  artifactKey: Guid(c808b5ee4a1276b47a31c51750fa78f5) Importer(815301076,1909f56bfc062723c751e8b465ee728b)
Start importing Assets/Materials/Images/New Physics Material 2D.physicsMaterial2D using Guid(c808b5ee4a1276b47a31c51750fa78f5) Importer(815301076,1909f56bfc062723c751e8b465ee728b)  -> (artifact id: '5a43f1a3db4358c49bd56b35cd62542f') in 0.027594 seconds 
========================================================================
Received Import Request.
  Time since last request: 44.566125 seconds.
  path: Assets/Materials/Images/enRed.mat
  artifactKey: Guid(e0cb9178ce065614ca2a83ff832bb9f9) Importer(815301076,1909f56bfc062723c751e8b465ee728b)
Start importing Assets/Materials/Images/enRed.mat using Guid(e0cb9178ce065614ca2a83ff832bb9f9) Importer(815301076,1909f56bfc062723c751e8b465ee728b)  -> (artifact id: 'abf821684a50c88228aab4d163b1562d') in 0.054123 seconds 
========================================================================
Received Import Request.
  Time since last request: 8.526073 seconds.
  path: Assets/Materials/Images/enRed.png
  artifactKey: Guid(a681a93fc8b349a4790a15cd39499227) Importer(815301076,1909f56bfc062723c751e8b465ee728b)
Start importing Assets/Materials/Images/enRed.png using Guid(a681a93fc8b349a4790a15cd39499227) Importer(815301076,1909f56bfc062723c751e8b465ee728b)  -> (artifact id: '8fb0e11124e30980d3ea0ed8bf884fa4') in 0.021011 seconds 
========================================================================
Received Import Request.
  Time since last request: 2.650957 seconds.
  path: Assets/Materials/Images/enGreen.png
  artifactKey: Guid(276a839dd86a01946b7f0ab714e661bd) Importer(815301076,1909f56bfc062723c751e8b465ee728b)
Start importing Assets/Materials/Images/enGreen.png using Guid(276a839dd86a01946b7f0ab714e661bd) Importer(815301076,1909f56bfc062723c751e8b465ee728b)  -> (artifact id: '3b7e9511dd64c3707917c960ccfc9b01') in 0.044913 seconds 
========================================================================
Received Import Request.
  Time since last request: 1.918441 seconds.
  path: Assets/Materials/Images/enBlue.png
  artifactKey: Guid(e01c771fefc38ad4c9f2bd3f2828162c) Importer(815301076,1909f56bfc062723c751e8b465ee728b)
Start importing Assets/Materials/Images/enBlue.png using Guid(e01c771fefc38ad4c9f2bd3f2828162c) Importer(815301076,1909f56bfc062723c751e8b465ee728b)  -> (artifact id: '0455a44ebc3297a8d5d7dd0d95f3369f') in 0.038581 seconds 
========================================================================
Received Import Request.
  Time since last request: 6.129884 seconds.
  path: Assets/Materials/Images/enRed.png
  artifactKey: Guid(a681a93fc8b349a4790a15cd39499227) Importer(815301076,1909f56bfc062723c751e8b465ee728b)
Start importing Assets/Materials/Images/enRed.png using Guid(a681a93fc8b349a4790a15cd39499227) Importer(815301076,1909f56bfc062723c751e8b465ee728b)  -> (artifact id: 'dd3c168257325c5a25777929ea5e32fd') in 0.032753 seconds 
========================================================================
Received Import Request.
  Time since last request: 3.297862 seconds.
  path: Assets/Materials/Images/enGreen.png
  artifactKey: Guid(276a839dd86a01946b7f0ab714e661bd) Importer(815301076,1909f56bfc062723c751e8b465ee728b)
Start importing Assets/Materials/Images/enGreen.png using Guid(276a839dd86a01946b7f0ab714e661bd) Importer(815301076,1909f56bfc062723c751e8b465ee728b)  -> (artifact id: '94c9596c87894b01ec7ee3f024b3d3f5') in 0.023403 seconds 
========================================================================
Received Import Request.
  Time since last request: 3.731584 seconds.
  path: Assets/Materials/Images/enBlue.png
  artifactKey: Guid(e01c771fefc38ad4c9f2bd3f2828162c) Importer(815301076,1909f56bfc062723c751e8b465ee728b)
Start importing Assets/Materials/Images/enBlue.png using Guid(e01c771fefc38ad4c9f2bd3f2828162c) Importer(815301076,1909f56bfc062723c751e8b465ee728b)  -> (artifact id: '7145ac02c5f76e6b26b1aa52a41e4289') in 0.038402 seconds 
========================================================================
Received Import Request.
  Time since last request: 9.715658 seconds.
  path: Assets/Materials/Images/enGreen.mat
  artifactKey: Guid(453886fab63e29b4fb7a3886dc099568) Importer(815301076,1909f56bfc062723c751e8b465ee728b)
Start importing Assets/Materials/Images/enGreen.mat using Guid(453886fab63e29b4fb7a3886dc099568) Importer(815301076,1909f56bfc062723c751e8b465ee728b)  -> (artifact id: 'cc4bf88116e0d5709bf36c2fc93c1f36') in 0.021837 seconds 
========================================================================
Received Import Request.
  Time since last request: 5.323605 seconds.
  path: Assets/Materials/Images/enBlue.mat
  artifactKey: Guid(230f4a66e2081cb4b85e2b6c56bb78ff) Importer(815301076,1909f56bfc062723c751e8b465ee728b)
Start importing Assets/Materials/Images/enBlue.mat using Guid(230f4a66e2081cb4b85e2b6c56bb78ff) Importer(815301076,1909f56bfc062723c751e8b465ee728b)  -> (artifact id: 'd0b614377972e2354fbfef48ab5b40e3') in 0.030947 seconds 
========================================================================
Received Import Request.
  Time since last request: 41.481380 seconds.
  path: Assets/Materials/Colors/Light.mat
  artifactKey: Guid(d47b660d4e53da7409d94adf7e5b3e13) Importer(815301076,1909f56bfc062723c751e8b465ee728b)
Start importing Assets/Materials/Colors/Light.mat using Guid(d47b660d4e53da7409d94adf7e5b3e13) Importer(815301076,1909f56bfc062723c751e8b465ee728b)  -> (artifact id: 'ab7869db7c7a2fa676a099801b2f2c90') in 0.038291 seconds 
========================================================================
Received Import Request.
  Time since last request: 6.689665 seconds.
  path: Assets/Prefab/enBlue.prefab
  artifactKey: Guid(9874eea96694a874eb9827061dc7063d) Importer(815301076,1909f56bfc062723c751e8b465ee728b)
Start importing Assets/Prefab/enBlue.prefab using Guid(9874eea96694a874eb9827061dc7063d) Importer(815301076,1909f56bfc062723c751e8b465ee728b)  -> (artifact id: 'e38063a52a1e5bac4fc7ccfc499ca485') in 0.023904 seconds 
========================================================================
Received Import Request.
  Time since last request: 4.365124 seconds.
  path: Assets/Prefab/enGreen.prefab
  artifactKey: Guid(d651291146566be4d8ab4940c648eb24) Importer(815301076,1909f56bfc062723c751e8b465ee728b)
Start importing Assets/Prefab/enGreen.prefab using Guid(d651291146566be4d8ab4940c648eb24) Importer(815301076,1909f56bfc062723c751e8b465ee728b)  -> (artifact id: '7ca84cc70a7443a805d3cba4d0da5259') in 0.033955 seconds 
========================================================================
Received Import Request.
  Time since last request: 5.306777 seconds.
  path: Assets/Prefab/enRed.prefab
  artifactKey: Guid(3670849df193b5b41966adca35c3f242) Importer(815301076,1909f56bfc062723c751e8b465ee728b)
Start importing Assets/Prefab/enRed.prefab using Guid(3670849df193b5b41966adca35c3f242) Importer(815301076,1909f56bfc062723c751e8b465ee728b)  -> (artifact id: '5845a14f6ed4eca382dbf4cc20f392c7') in 0.035441 seconds 
========================================================================
Received Import Request.
  Time since last request: 11.405009 seconds.
  path: Assets/TextMesh Pro/Examples & Extras/Resources/Fonts & Materials/Oswald Bold SDF.asset
  artifactKey: Guid(0161d805a3764c089bef00bfe00793f5) Importer(815301076,1909f56bfc062723c751e8b465ee728b)
Start importing Assets/TextMesh Pro/Examples & Extras/Resources/Fonts & Materials/Oswald Bold SDF.asset using Guid(0161d805a3764c089bef00bfe00793f5) Importer(815301076,1909f56bfc062723c751e8b465ee728b)  -> (artifact id: '18777f19cbba0a5773a41cb3c6eb000b') in 0.144854 seconds 
========================================================================
Received Import Request.
  Time since last request: 0.000021 seconds.
  path: Assets/TextMesh Pro/Examples & Extras/Textures/Small Crate_normal.jpg
  artifactKey: Guid(8878a782f4334ecbbcf683b3ac780966) Importer(815301076,1909f56bfc062723c751e8b465ee728b)
Start importing Assets/TextMesh Pro/Examples & Extras/Textures/Small Crate_normal.jpg using Guid(8878a782f4334ecbbcf683b3ac780966) Importer(815301076,1909f56bfc062723c751e8b465ee728b)  -> (artifact id: '7f0dde66db7ef599406f268517370db0') in 0.080471 seconds 
========================================================================
Received Import Request.
  Time since last request: 0.000023 seconds.
  path: Assets/TextMesh Pro/Examples & Extras/Textures/Text Overflow - Linked Text Image 1.png
  artifactKey: Guid(4ccf43d26c4748c792174516f4a8fcef) Importer(815301076,1909f56bfc062723c751e8b465ee728b)
Start importing Assets/TextMesh Pro/Examples & Extras/Textures/Text Overflow - Linked Text Image 1.png using Guid(4ccf43d26c4748c792174516f4a8fcef) Importer(815301076,1909f56bfc062723c751e8b465ee728b)  -> (artifact id: 'e55fb66845dbf9abd58e3c682f013a7b') in 0.064168 seconds 
========================================================================
Received Import Request.
  Time since last request: 0.613344 seconds.
  path: Assets/TextMesh Pro/Examples & Extras/Textures/Mask Zig-n-Zag.psd
  artifactKey: Guid(bb8dfcd263ad4eb383a33d74a720be6f) Importer(815301076,1909f56bfc062723c751e8b465ee728b)
Start importing Assets/TextMesh Pro/Examples & Extras/Textures/Mask Zig-n-Zag.psd using Guid(bb8dfcd263ad4eb383a33d74a720be6f) Importer(815301076,1909f56bfc062723c751e8b465ee728b)  -> (artifact id: '635bfe7d9833828651ee636c4f932b9d') in 0.083966 seconds 
========================================================================
Received Import Request.
  Time since last request: 0.223499 seconds.
  path: Assets/TextMesh Pro/Examples & Extras/Textures/Gradient Vertical (Color).jpg
  artifactKey: Guid(03d0538de6e24c0f819bfc9ce084dfa9) Importer(815301076,1909f56bfc062723c751e8b465ee728b)
Start importing Assets/TextMesh Pro/Examples & Extras/Textures/Gradient Vertical (Color).jpg using Guid(03d0538de6e24c0f819bfc9ce084dfa9) Importer(815301076,1909f56bfc062723c751e8b465ee728b)  -> (artifact id: '45655b76c2fa6e989cae6b753e1f99f3') in 0.057068 seconds 
========================================================================
Received Import Request.
  Time since last request: 0.000020 seconds.
  path: Assets/TextMesh Pro/Examples & Extras/Textures/Gradient Horizontal (Color).jpg
  artifactKey: Guid(6eb184de103d4b3f812b38561065192f) Importer(815301076,1909f56bfc062723c751e8b465ee728b)
Start importing Assets/TextMesh Pro/Examples & Extras/Textures/Gradient Horizontal (Color).jpg using Guid(6eb184de103d4b3f812b38561065192f) Importer(815301076,1909f56bfc062723c751e8b465ee728b)  -> (artifact id: '0ffbb57da913b4174973551fb61e41e1') in 0.047610 seconds 
========================================================================
Received Import Request.
  Time since last request: 0.000024 seconds.
  path: Assets/TextMesh Pro/Examples & Extras/Textures/Floor Tiles 1 - diffuse.jpg
  artifactKey: Guid(85ac55597b97403c82fc6601a93cf241) Importer(815301076,1909f56bfc062723c751e8b465ee728b)
Start importing Assets/TextMesh Pro/Examples & Extras/Textures/Floor Tiles 1 - diffuse.jpg using Guid(85ac55597b97403c82fc6601a93cf241) Importer(815301076,1909f56bfc062723c751e8b465ee728b)  -> (artifact id: 'a985655f26288b3529a5521ceac7324d') in 0.087542 seconds 
========================================================================
Received Import Request.
  Time since last request: 0.198301 seconds.
  path: Assets/TextMesh Pro/Examples & Extras/Textures/Floor Cement.jpg
  artifactKey: Guid(283f897e4925411ebbaa758b4cb13fc2) Importer(815301076,1909f56bfc062723c751e8b465ee728b)
Start importing Assets/TextMesh Pro/Examples & Extras/Textures/Floor Cement.jpg using Guid(283f897e4925411ebbaa758b4cb13fc2) Importer(815301076,1909f56bfc062723c751e8b465ee728b)  -> (artifact id: '55fcc107a7ab4b40afaa5cfaec11bd51') in 0.100263 seconds 
========================================================================
Received Import Request.
  Time since last request: 0.000064 seconds.
  path: Assets/TextMesh Pro/Examples & Extras/Sprites/Default Sprites.png
  artifactKey: Guid(a0fc465d6cf04254a2938578735e2383) Importer(815301076,1909f56bfc062723c751e8b465ee728b)
Start importing Assets/TextMesh Pro/Examples & Extras/Sprites/Default Sprites.png using Guid(a0fc465d6cf04254a2938578735e2383) Importer(815301076,1909f56bfc062723c751e8b465ee728b)  -> (artifact id: '9021c40ad539e11d291d84f8210122e7') in 0.083841 seconds 
========================================================================
Received Import Request.
  Time since last request: 0.000020 seconds.
  path: Assets/TextMesh Pro/Sprites/EmojiOne.png
  artifactKey: Guid(dffef66376be4fa480fb02b19edbe903) Importer(815301076,1909f56bfc062723c751e8b465ee728b)
Start importing Assets/TextMesh Pro/Sprites/EmojiOne.png using Guid(dffef66376be4fa480fb02b19edbe903) Importer(815301076,1909f56bfc062723c751e8b465ee728b)  -> (artifact id: '3fa7e35e7708e32617ab4555a5c07f27') in 0.039514 seconds 
========================================================================
Received Import Request.
  Time since last request: 0.053143 seconds.
  path: Assets/TextMesh Pro/Examples & Extras/Resources/Fonts & Materials/Bangers SDF.asset
  artifactKey: Guid(125cb55b44b24c4393181402bc6200e6) Importer(815301076,1909f56bfc062723c751e8b465ee728b)
Start importing Assets/TextMesh Pro/Examples & Extras/Resources/Fonts & Materials/Bangers SDF.asset using Guid(125cb55b44b24c4393181402bc6200e6) Importer(815301076,1909f56bfc062723c751e8b465ee728b)  -> (artifact id: '528519fe729244047dfba6af72b41ed5') in 0.078583 seconds 
========================================================================
Received Import Request.
  Time since last request: 57.759222 seconds.
  path: Assets/Prefab/NoteRed.prefab
  artifactKey: Guid(0cb7846361fd9924b90b4b9e4beff503) Importer(815301076,1909f56bfc062723c751e8b465ee728b)
Start importing Assets/Prefab/NoteRed.prefab using Guid(0cb7846361fd9924b90b4b9e4beff503) Importer(815301076,1909f56bfc062723c751e8b465ee728b)  -> (artifact id: '97a6ee11766ff93ffd4e8fc9cd0c15bb') in 0.033043 seconds 
========================================================================
Received Import Request.
  Time since last request: 28.335834 seconds.
  path: Assets/Prefab/enBlue.prefab
  artifactKey: Guid(9874eea96694a874eb9827061dc7063d) Importer(815301076,1909f56bfc062723c751e8b465ee728b)
Start importing Assets/Prefab/enBlue.prefab using Guid(9874eea96694a874eb9827061dc7063d) Importer(815301076,1909f56bfc062723c751e8b465ee728b)  -> (artifact id: '0cf40e9adf6596c749b0886553ccd6c9') in 0.022748 seconds 
========================================================================
Received Import Request.
  Time since last request: 0.000020 seconds.
  path: Assets/Prefab/Notesa.prefab
  artifactKey: Guid(6d5a7befba2cd8b46929a88222ccfa36) Importer(815301076,1909f56bfc062723c751e8b465ee728b)
Start importing Assets/Prefab/Notesa.prefab using Guid(6d5a7befba2cd8b46929a88222ccfa36) Importer(815301076,1909f56bfc062723c751e8b465ee728b)  -> (artifact id: '449c862301e822a4cb3580f3ce051fdd') in 0.035504 seconds 
========================================================================
Received Import Request.
  Time since last request: 0.000023 seconds.
  path: Assets/Prefab/NoteRed.prefab
  artifactKey: Guid(0cb7846361fd9924b90b4b9e4beff503) Importer(815301076,1909f56bfc062723c751e8b465ee728b)
Start importing Assets/Prefab/NoteRed.prefab using Guid(0cb7846361fd9924b90b4b9e4beff503) Importer(815301076,1909f56bfc062723c751e8b465ee728b)  -> (artifact id: 'b3ae4cccb9bdf4bc969239536dbbbd87') in 0.025782 seconds 
========================================================================
Received Import Request.
  Time since last request: 0.000016 seconds.
  path: Assets/Prefab/enRed.prefab
  artifactKey: Guid(3670849df193b5b41966adca35c3f242) Importer(815301076,1909f56bfc062723c751e8b465ee728b)
Start importing Assets/Prefab/enRed.prefab using Guid(3670849df193b5b41966adca35c3f242) Importer(815301076,1909f56bfc062723c751e8b465ee728b)  -> (artifact id: '2cd0faf5cc8448bb0e7755df2ecd5885') in 0.033105 seconds 
========================================================================
Received Import Request.
  Time since last request: 5.420696 seconds.
  path: Assets/Prefab/Notes.prefab
  artifactKey: Guid(0cb7846361fd9924b90b4b9e4beff503) Importer(815301076,1909f56bfc062723c751e8b465ee728b)
Start importing Assets/Prefab/Notes.prefab using Guid(0cb7846361fd9924b90b4b9e4beff503) Importer(815301076,1909f56bfc062723c751e8b465ee728b)  -> (artifact id: '3f2a2465697f9da8c04cf4c553f82d17') in 0.031194 seconds 
========================================================================
Received Import Request.
  Time since last request: 4.711395 seconds.
  path: Assets/Prefab/enBlue.prefab
  artifactKey: Guid(9874eea96694a874eb9827061dc7063d) Importer(815301076,1909f56bfc062723c751e8b465ee728b)
Start importing Assets/Prefab/enBlue.prefab using Guid(9874eea96694a874eb9827061dc7063d) Importer(815301076,1909f56bfc062723c751e8b465ee728b)  -> (artifact id: '6e8752c26de244b8f7976f0ef1e8bd10') in 0.023912 seconds 
========================================================================
Received Import Request.
  Time since last request: 0.000026 seconds.
  path: Assets/Prefab/NoteRed.prefab
  artifactKey: Guid(6d5a7befba2cd8b46929a88222ccfa36) Importer(815301076,1909f56bfc062723c751e8b465ee728b)
Start importing Assets/Prefab/NoteRed.prefab using Guid(6d5a7befba2cd8b46929a88222ccfa36) Importer(815301076,1909f56bfc062723c751e8b465ee728b)  -> (artifact id: 'a222233c89ae5090f868eda94fdc0551') in 0.025072 seconds 
========================================================================
Received Import Request.
  Time since last request: 0.000024 seconds.
  path: Assets/Prefab/Notes.prefab
  artifactKey: Guid(0cb7846361fd9924b90b4b9e4beff503) Importer(815301076,1909f56bfc062723c751e8b465ee728b)
Start importing Assets/Prefab/Notes.prefab using Guid(0cb7846361fd9924b90b4b9e4beff503) Importer(815301076,1909f56bfc062723c751e8b465ee728b)  -> (artifact id: 'e123acf9d1e1bee3d8b102af6ab542b9') in 0.024869 seconds 
========================================================================
Received Import Request.
  Time since last request: 0.000029 seconds.
  path: Assets/Prefab/enRed.prefab
  artifactKey: Guid(3670849df193b5b41966adca35c3f242) Importer(815301076,1909f56bfc062723c751e8b465ee728b)
Start importing Assets/Prefab/enRed.prefab using Guid(3670849df193b5b41966adca35c3f242) Importer(815301076,1909f56bfc062723c751e8b465ee728b)  -> (artifact id: '60a4a53e04ffd57b895a0a7801babdb6') in 0.031071 seconds 
========================================================================
Received Import Request.
  Time since last request: 35.581703 seconds.
  path: Assets/TextMesh Pro/Examples & Extras/Textures/Text Overflow - Linked Text UI Screenshot.png
  artifactKey: Guid(c76d18757a194d618355f05f815cb0a1) Importer(815301076,1909f56bfc062723c751e8b465ee728b)
Start importing Assets/TextMesh Pro/Examples & Extras/Textures/Text Overflow - Linked Text UI Screenshot.png using Guid(c76d18757a194d618355f05f815cb0a1) Importer(815301076,1909f56bfc062723c751e8b465ee728b)  -> (artifact id: '74013a86a8687f186372128fa734c714') in 0.075752 seconds 
========================================================================
Received Import Request.
  Time since last request: 48.589462 seconds.
  path: Assets/Prefab/aa.prefab
  artifactKey: Guid(6d5a7befba2cd8b46929a88222ccfa36) Importer(815301076,1909f56bfc062723c751e8b465ee728b)
Start importing Assets/Prefab/aa.prefab using Guid(6d5a7befba2cd8b46929a88222ccfa36) Importer(815301076,1909f56bfc062723c751e8b465ee728b)  -> (artifact id: 'a1e472890bbd9313832411cb4483a849') in 0.036209 seconds 
========================================================================
Received Import Request.
  Time since last request: 0.000017 seconds.
  path: Assets/Prefab/Notes.prefab
  artifactKey: Guid(0cb7846361fd9924b90b4b9e4beff503) Importer(815301076,1909f56bfc062723c751e8b465ee728b)
Start importing Assets/Prefab/Notes.prefab using Guid(0cb7846361fd9924b90b4b9e4beff503) Importer(815301076,1909f56bfc062723c751e8b465ee728b)  -> (artifact id: 'ca495ade59094a60fb21a0aeb8c3cfbc') in 0.034753 seconds 
========================================================================
Received Import Request.
  Time since last request: 3.707789 seconds.
  path: Assets/Prefab/NoteRed.prefab
  artifactKey: Guid(0cb7846361fd9924b90b4b9e4beff503) Importer(815301076,1909f56bfc062723c751e8b465ee728b)
Start importing Assets/Prefab/NoteRed.prefab using Guid(0cb7846361fd9924b90b4b9e4beff503) Importer(815301076,1909f56bfc062723c751e8b465ee728b)  -> (artifact id: 'afb03bf336b22f01412c9c5a852c96e9') in 0.032821 seconds 
========================================================================
Received Import Request.
  Time since last request: 23.307089 seconds.
  path: Assets/TextMesh Pro/Examples & Extras/Textures/Wipe Pattern - Diagonal.psd
  artifactKey: Guid(ed5290d8df18488780e2996b9b882f01) Importer(815301076,1909f56bfc062723c751e8b465ee728b)
Start importing Assets/TextMesh Pro/Examples & Extras/Textures/Wipe Pattern - Diagonal.psd using Guid(ed5290d8df18488780e2996b9b882f01) Importer(815301076,1909f56bfc062723c751e8b465ee728b)  -> (artifact id: 'a1293e097b289a3407499be06dbad76a') in 0.056512 seconds 
========================================================================
Received Import Request.
  Time since last request: 0.000014 seconds.
  path: Assets/TextMesh Pro/Examples & Extras/Textures/Wipe Pattern - Radial Quad.psd
  artifactKey: Guid(2b5e9ae96c5644d8bae932f8b4ca68a2) Importer(815301076,1909f56bfc062723c751e8b465ee728b)
Start importing Assets/TextMesh Pro/Examples & Extras/Textures/Wipe Pattern - Radial Quad.psd using Guid(2b5e9ae96c5644d8bae932f8b4ca68a2) Importer(815301076,1909f56bfc062723c751e8b465ee728b)  -> (artifact id: 'ac06cb56fd5989d3622fcc912571b61e') in 0.054370 seconds 
========================================================================
Received Import Request.
  Time since last request: 27.179290 seconds.
  path: Assets/Prefab/NoteRed2.prefab
  artifactKey: Guid(5e6fc09ab070bd64da6c85e7506ac9b2) Importer(815301076,1909f56bfc062723c751e8b465ee728b)
Start importing Assets/Prefab/NoteRed2.prefab using Guid(5e6fc09ab070bd64da6c85e7506ac9b2) Importer(815301076,1909f56bfc062723c751e8b465ee728b)  -> (artifact id: 'b4427207fa3c8d85d157d730f761332e') in 0.047984 seconds 
========================================================================
Received Import Request.
  Time since last request: 64.334059 seconds.
  path: Assets/Prefab/NoteBlue.prefab
  artifactKey: Guid(690a895c562e8654389c8d6f0fa0de93) Importer(815301076,1909f56bfc062723c751e8b465ee728b)
Start importing Assets/Prefab/NoteBlue.prefab using Guid(690a895c562e8654389c8d6f0fa0de93) Importer(815301076,1909f56bfc062723c751e8b465ee728b)  -> (artifact id: 'ce93ee0dc8ffb3d46ec6554f4c8121af') in 0.039738 seconds 
========================================================================
Received Import Request.
  Time since last request: 0.000022 seconds.
  path: Assets/Prefab/NoteRed 1.prefab
  artifactKey: Guid(26494175deee6d24b99e8d5c849128a7) Importer(815301076,1909f56bfc062723c751e8b465ee728b)
Start importing Assets/Prefab/NoteRed 1.prefab using Guid(26494175deee6d24b99e8d5c849128a7) Importer(815301076,1909f56bfc062723c751e8b465ee728b)  -> (artifact id: 'd9a90b42bcfba8acd113da70fefeb141') in 0.044732 seconds 
========================================================================
Received Import Request.
  Time since last request: 3.182109 seconds.
  path: Assets/Materials/Images/enBlue.mat
  artifactKey: Guid(230f4a66e2081cb4b85e2b6c56bb78ff) Importer(815301076,1909f56bfc062723c751e8b465ee728b)
Start importing Assets/Materials/Images/enBlue.mat using Guid(230f4a66e2081cb4b85e2b6c56bb78ff) Importer(815301076,1909f56bfc062723c751e8b465ee728b)  -> (artifact id: 'c2be70a53b7ef217b9883bead24dfc0e') in 0.025709 seconds 
========================================================================
Received Import Request.
  Time since last request: 0.000016 seconds.
  path: Assets/Materials/Images/noteRed.mat
  artifactKey: Guid(c155723cde5b929418078b79b5b44747) Importer(815301076,1909f56bfc062723c751e8b465ee728b)
Start importing Assets/Materials/Images/noteRed.mat using Guid(c155723cde5b929418078b79b5b44747) Importer(815301076,1909f56bfc062723c751e8b465ee728b)  -> (artifact id: '101a50c7fb76aef8e91b192fb181d656') in 0.012375 seconds 
========================================================================
Received Import Request.
  Time since last request: 24.261814 seconds.
  path: Assets/Prefab/enRed.prefab
  artifactKey: Guid(26494175deee6d24b99e8d5c849128a7) Importer(815301076,1909f56bfc062723c751e8b465ee728b)
Start importing Assets/Prefab/enRed.prefab using Guid(26494175deee6d24b99e8d5c849128a7) Importer(815301076,1909f56bfc062723c751e8b465ee728b)  -> (artifact id: '7770166c5cd06e1623415e0c666deb95') in 0.032501 seconds 
========================================================================
Received Import Request.
  Time since last request: 144.688244 seconds.
  path: Assets/Prefab/enRed.prefab
  artifactKey: Guid(26494175deee6d24b99e8d5c849128a7) Importer(815301076,1909f56bfc062723c751e8b465ee728b)
Start importing Assets/Prefab/enRed.prefab using Guid(26494175deee6d24b99e8d5c849128a7) Importer(815301076,1909f56bfc062723c751e8b465ee728b)  -> (artifact id: '0c4453f664b66de0c4f529ef8719ad5e') in 0.032582 seconds 
========================================================================
Received Import Request.
  Time since last request: 107.650820 seconds.
  path: Assets/Prefab/NoteBlue.prefab
  artifactKey: Guid(690a895c562e8654389c8d6f0fa0de93) Importer(815301076,1909f56bfc062723c751e8b465ee728b)
Start importing Assets/Prefab/NoteBlue.prefab using Guid(690a895c562e8654389c8d6f0fa0de93) Importer(815301076,1909f56bfc062723c751e8b465ee728b)  -> (artifact id: 'f240f41cb5c49a0dcdb90af255af4df5') in 0.033707 seconds 
========================================================================
Received Import Request.
  Time since last request: 104.253355 seconds.
  path: Assets/Prefab/enRed.prefab
  artifactKey: Guid(26494175deee6d24b99e8d5c849128a7) Importer(815301076,1909f56bfc062723c751e8b465ee728b)
Start importing Assets/Prefab/enRed.prefab using Guid(26494175deee6d24b99e8d5c849128a7) Importer(815301076,1909f56bfc062723c751e8b465ee728b)  -> (artifact id: '2b3ed4d25d33f0b545a035a2e55d6a9e') in 0.032770 seconds 
========================================================================
Received Import Request.
  Time since last request: 27.120383 seconds.
  path: Assets/Prefab/enRed.prefab
  artifactKey: Guid(26494175deee6d24b99e8d5c849128a7) Importer(815301076,1909f56bfc062723c751e8b465ee728b)
Start importing Assets/Prefab/enRed.prefab using Guid(26494175deee6d24b99e8d5c849128a7) Importer(815301076,1909f56bfc062723c751e8b465ee728b)  -> (artifact id: 'd1103988df5dba9c20defbfb92c59da4') in 0.034981 seconds 
========================================================================
Received Import Request.
  Time since last request: 4.926715 seconds.
  path: Assets/Prefab/enGreen.prefab
  artifactKey: Guid(d8f032aba9355f64d84e7f5b3239cdd4) Importer(815301076,1909f56bfc062723c751e8b465ee728b)
Start importing Assets/Prefab/enGreen.prefab using Guid(d8f032aba9355f64d84e7f5b3239cdd4) Importer(815301076,1909f56bfc062723c751e8b465ee728b)  -> (artifact id: '3183dcdc4d26b74bada4eb280189210b') in 0.068189 seconds 
========================================================================
Received Import Request.
  Time since last request: 12.382570 seconds.
  path: Assets/Prefab/enGreen.prefab
  artifactKey: Guid(d8f032aba9355f64d84e7f5b3239cdd4) Importer(815301076,1909f56bfc062723c751e8b465ee728b)
Start importing Assets/Prefab/enGreen.prefab using Guid(d8f032aba9355f64d84e7f5b3239cdd4) Importer(815301076,1909f56bfc062723c751e8b465ee728b)  -> (artifact id: 'ac6e185ffb1a5c9dc6f3a58025c9fe05') in 0.023417 seconds 
========================================================================
Received Import Request.
  Time since last request: 2.384392 seconds.
  path: Assets/Prefab/Notes 1.prefab
  artifactKey: Guid(7e570376168bdb9469b7d57954d3d165) Importer(815301076,1909f56bfc062723c751e8b465ee728b)
Start importing Assets/Prefab/Notes 1.prefab using Guid(7e570376168bdb9469b7d57954d3d165) Importer(815301076,1909f56bfc062723c751e8b465ee728b)  -> (artifact id: '47ee5c8fef6fc0d5c6a72b0a0214916c') in 0.032160 seconds 
========================================================================
Received Import Request.
  Time since last request: 17.029408 seconds.
  path: Assets/Prefab/enGreen.prefab
  artifactKey: Guid(d8f032aba9355f64d84e7f5b3239cdd4) Importer(815301076,1909f56bfc062723c751e8b465ee728b)
Start importing Assets/Prefab/enGreen.prefab using Guid(d8f032aba9355f64d84e7f5b3239cdd4) Importer(815301076,1909f56bfc062723c751e8b465ee728b)  -> (artifact id: 'b61794b25e32d053722f8d68820720b3') in 0.044770 seconds 
========================================================================
Received Import Request.
  Time since last request: 15.882272 seconds.
  path: Assets/Prefab/enGreen.prefab
  artifactKey: Guid(d8f032aba9355f64d84e7f5b3239cdd4) Importer(815301076,1909f56bfc062723c751e8b465ee728b)
Start importing Assets/Prefab/enGreen.prefab using Guid(d8f032aba9355f64d84e7f5b3239cdd4) Importer(815301076,1909f56bfc062723c751e8b465ee728b)  -> (artifact id: 'f083d9ad0d145983736aada1b9b48161') in 0.033201 seconds 
========================================================================
Received Import Request.
  Time since last request: 6.862161 seconds.
  path: Assets/Prefab/enBlue.prefab
  artifactKey: Guid(9874eea96694a874eb9827061dc7063d) Importer(815301076,1909f56bfc062723c751e8b465ee728b)
Start importing Assets/Prefab/enBlue.prefab using Guid(9874eea96694a874eb9827061dc7063d) Importer(815301076,1909f56bfc062723c751e8b465ee728b)  -> (artifact id: 'bb45a531eecd7af3efa796a7268f8535') in 0.032660 seconds 
========================================================================
Received Import Request.
  Time since last request: 11.285301 seconds.
  path: Assets/Prefab/enBlue.prefab
  artifactKey: Guid(9874eea96694a874eb9827061dc7063d) Importer(815301076,1909f56bfc062723c751e8b465ee728b)
Start importing Assets/Prefab/enBlue.prefab using Guid(9874eea96694a874eb9827061dc7063d) Importer(815301076,1909f56bfc062723c751e8b465ee728b)  -> (artifact id: 'eb4c81205f059606b2302b77fa4c5bd4') in 0.031988 seconds 
========================================================================
Received Prepare
Registering precompiled user dll's ...
Registered in 0.005301 seconds.
Begin MonoManager ReloadAssembly
Symbol file LoadedFromMemory doesn't match image F:\Unity\Hub\Editor\ONShooter\Library\PackageCache\com.unity.visualscripting@1.7.8\Editor\VisualScripting.Core\Dependencies\YamlDotNet\Unity.VisualScripting.YamlDotNet.dll
Symbol file LoadedFromMemory doesn't match image F:\Unity\Hub\Editor\ONShooter\Library\PackageCache\com.unity.visualscripting@1.7.8\Editor\VisualScripting.Core\Dependencies\DotNetZip\Unity.VisualScripting.IonicZip.dll
Native extension for WindowsStandalone target not found
Native extension for WebGL target not found
Refreshing native plugins compatible for Editor in 0.52 ms, found 3 plugins.
Preloading 0 native plugins for Editor in 0.00 ms.
Mono: successfully reloaded assembly
- Completed reload, in  0.809 seconds
Domain Reload Profiling:
	ReloadAssembly (809ms)
		BeginReloadAssembly (116ms)
			ExecutionOrderSort (0ms)
			DisableScriptedObjects (4ms)
			BackupInstance (0ms)
			ReleaseScriptingObjects (0ms)
			CreateAndSetChildDomain (33ms)
		EndReloadAssembly (612ms)
			LoadAssemblies (71ms)
			RebuildTransferFunctionScriptingTraits (0ms)
			SetupTypeCache (210ms)
			ReleaseScriptCaches (1ms)
			RebuildScriptCaches (33ms)
			SetupLoadedEditorAssemblies (265ms)
				LogAssemblyErrors (0ms)
				InitializePlatformSupportModulesInManaged (12ms)
				SetLoadedEditorAssemblies (0ms)
				RefreshPlugins (1ms)
				BeforeProcessingInitializeOnLoad (56ms)
				ProcessInitializeOnLoadAttributes (167ms)
				ProcessInitializeOnLoadMethodAttributes (24ms)
				AfterProcessingInitializeOnLoad (5ms)
				EditorAssembliesLoaded (0ms)
			ExecutionOrderSort2 (0ms)
			AwakeInstancesAfterBackupRestoration (5ms)
Platform modules already initialized, skipping
Refreshing native plugins compatible for Editor in 1.43 ms, found 3 plugins.
Preloading 0 native plugins for Editor in 0.00 ms.
Unloading 3412 Unused Serialized files (Serialized files now loaded: 0)
Unloading 20 unused Assets / (79.1 KB). Loaded Objects now: 3981.
Memory consumption went from 133.5 MB to 133.4 MB.
Total: 2.567100 ms (FindLiveObjects: 0.249600 ms CreateObjectMapping: 0.142600 ms MarkObjects: 2.097700 ms  DeleteObjects: 0.076500 ms)

AssetImportParameters requested are different than current active one (requested -> active):
  custom:video-decoder-ogg-theora: a1e56fd34408186e4bbccfd4996cb3dc -> 
  custom:container-muxer-webm: aa71ff27fc2769a1b78a27578f13a17b -> 
  custom:container-demuxer-webm: 4f35f7cbe854078d1ac9338744f61a02 -> 
  custom:video-encoder-webm-vp8: eb34c28f22e8b96e1ab97ce403110664 -> 
  custom:audio-encoder-webm-vorbis: bf7c407c2cedff20999df2af8eb42d56 -> 
  custom:framework-win-MediaFoundation: 216162199b28c13a410421893ffa2e32 -> 
  custom:container-demuxer-ogg: 62fdf1f143b41e24485cea50d1cbac27 -> 
  custom:video-decoder-webm-vp8: 9c59270c3fd7afecdb556c50c9e8de78 -> 
  custom:audio-decoder-ogg-vorbis: bf7c407c2cedff20999df2af8eb42d56 -> 
